Added Component: Designator=U2(LQFP48_M)
Added Pin To Net: NetName=NRST Pin=U2-1
Added Pin To Net: NetName=SWIM Pin=U2-2
Added Pin To Net: NetName=NetR22_1 Pin=U2-3
Added Pin To Net: NetName=NetR24_1 Pin=U2-4
Added Pin To Net: NetName=NetU2_5 Pin=U2-5
Added Pin To Net: NetName=NetR23_2 Pin=U2-6
Added Pin To Net: NetName=NetU2_7 Pin=U2-7
Added Pin To Net: NetName=NetU2_8 Pin=U2-8
Added Pin To Net: NetName=GND Pin=U2-9
Added Pin To Net: NetName=VCC Pin=U2-10
Added Pin To Net: NetName=VCC Pin=U2-11
Added Pin To Net: NetName=VCC Pin=U2-12
Added Pin To Net: NetName=VCC Pin=U2-13
Added Pin To Net: NetName=NetQ5_3 Pin=U2-14
Added Pin To Net: NetName=NetR15_1 Pin=U2-15
Added Pin To Net: NetName=NetR4_1 Pin=U2-16
Added Pin To Net: NetName=NetQ4_3 Pin=U2-17
Added Pin To Net: NetName=NetD2_2 Pin=U2-18
Added Pin To Net: NetName=NetU2_19 Pin=U2-19
Added Pin To Net: NetName=NetR20_1 Pin=U2-20
Added Pin To Net: NetName=NetR21_1 Pin=U2-21
Added Pin To Net: NetName=NetU2_22 Pin=U2-22
Added Pin To Net: NetName=NetU2_23 Pin=U2-23
Added Pin To Net: NetName=NetU2_24 Pin=U2-24
Added Pin To Net: NetName=NetU2_25 Pin=U2-25
Added Pin To Net: NetName=NetU2_26 Pin=U2-26
Added Pin To Net: NetName=NetU2_27 Pin=U2-27
Added Pin To Net: NetName=NetU2_28 Pin=U2-28
Added Pin To Net: NetName=NetU2_29 Pin=U2-29
Added Pin To Net: NetName=NetU2_30 Pin=U2-30
Added Pin To Net: NetName=NetU2_31 Pin=U2-31
Added Pin To Net: NetName=NetR28_1 Pin=U2-32
Added Pin To Net: NetName=NetU2_33 Pin=U2-33
Added Pin To Net: NetName=NetU2_34 Pin=U2-34
Added Pin To Net: NetName=NetU2_35 Pin=U2-35
Added Pin To Net: NetName=NetU2_36 Pin=U2-36
Added Pin To Net: NetName=NetU2_37 Pin=U2-37
Added Pin To Net: NetName=NetU2_38 Pin=U2-38
Added Pin To Net: NetName=VCC Pin=U2-39
Added Pin To Net: NetName=GND Pin=U2-40
Added Pin To Net: NetName=NetR26_2 Pin=U2-41
Added Pin To Net: NetName=NetR25_2 Pin=U2-42
Added Pin To Net: NetName=NetU2_43 Pin=U2-43
Added Pin To Net: NetName=NetC11_2 Pin=U2-44
Added Pin To Net: NetName=NetC12_2 Pin=U2-45
Added Pin To Net: NetName=NetU2_46 Pin=U2-46
Added Pin To Net: NetName=NetU2_47 Pin=U2-47
Added Pin To Net: NetName=NetU2_48 Pin=U2-48
Added Member To Class: ClassName=MCU Member=Component U2 STM8L151C8T6
